<?xml version="1.0" encoding="UTF-8"?>
<testng-results skipped="0" failed="0" total="1" passed="1">
  <reporter-output>
  </reporter-output>
  <suite name="BDD Test Suite" duration-ms="21639" started-at="2019-05-09T17:22:18Z" finished-at="2019-05-09T17:22:40Z">
    <groups>
      <group name="cucumber">
        <method signature="testRunner.feature(cucumber.api.testng.CucumberFeatureWrapper)[pri:0, instance:com.testAssessment.testRunner.testRunner@91161c7]" name="feature" class="com.testAssessment.testRunner.testRunner"/>
      </group> <!-- cucumber -->
    </groups>
    <test name="Search for Hotel" duration-ms="21639" started-at="2019-05-09T17:22:18Z" finished-at="2019-05-09T17:22:40Z">
      <class name="com.testAssessment.testRunner.testRunner">
        <test-method status="PASS" signature="setUpClass()[pri:0, instance:com.testAssessment.testRunner.testRunner@91161c7]" name="setUpClass" is-config="true" duration-ms="273" started-at="2019-05-10T03:22:18Z" finished-at="2019-05-10T03:22:18Z">
          <reporter-output>
          </reporter-output>
        </test-method> <!-- setUpClass -->
        <test-method status="PASS" signature="feature(cucumber.api.testng.CucumberFeatureWrapper)[pri:0, instance:com.testAssessment.testRunner.testRunner@91161c7]" name="feature" duration-ms="21202" started-at="2019-05-10T03:22:19Z" description="Runs cucumber Features" data-provider="features" finished-at="2019-05-10T03:22:40Z">
          <params>
            <param index="0">
              <value>
                <![CDATA[Search for a Hotel]]>
              </value>
            </param>
          </params>
          <reporter-output>
          </reporter-output>
        </test-method> <!-- feature -->
        <test-method status="PASS" signature="testDownClass()[pri:0, instance:com.testAssessment.testRunner.testRunner@91161c7]" name="testDownClass" is-config="true" duration-ms="51" started-at="2019-05-10T03:22:40Z" finished-at="2019-05-10T03:22:40Z">
          <reporter-output>
          </reporter-output>
        </test-method> <!-- testDownClass -->
      </class> <!-- com.testAssessment.testRunner.testRunner -->
    </test> <!-- Search for Hotel -->
  </suite> <!-- BDD Test Suite -->
</testng-results>
